INFO  [2016-04-21 11:59:23,643] se.sics.dozy.dropwizard.DropwizardDozy: running on port:18180
WARN  [2016-04-21 11:59:23,815] com.yammer.dropwizard.config.ServerFactory: 
!!!!!!!!!!!!!!!!!!!!!!!!!!!!!!!!!!!!!!!!!!!!!!!!!!!!!!!!!!!!!!!!!!!!!!!!!!!!!!!!
!!!!!!!!!!!!!!!!!!!!!!!!!!!!!!!!!!!!!!!!!!!!!!!!!!!!!!!!!!!!!!!!!!!!!!!!!!!!!!!!
!    THIS SERVICE HAS NO HEALTHCHECKS. THIS MEANS YOU WILL NEVER KNOW IF IT    !
!    DIES IN PRODUCTION, WHICH MEANS YOU WILL NEVER KNOW IF YOU'RE LETTING     !
!     YOUR USERS DOWN. YOU SHOULD ADD A HEALTHCHECK FOR EACH DEPENDENCY OF     !
!     YOUR SERVICE WHICH FULLY (BUT LIGHTLY) TESTS YOUR SERVICE'S ABILITY TO   !
!      USE THAT SERVICE. THINK OF IT AS A CONTINUOUS INTEGRATION TEST.         !
!!!!!!!!!!!!!!!!!!!!!!!!!!!!!!!!!!!!!!!!!!!!!!!!!!!!!!!!!!!!!!!!!!!!!!!!!!!!!!!!
!!!!!!!!!!!!!!!!!!!!!!!!!!!!!!!!!!!!!!!!!!!!!!!!!!!!!!!!!!!!!!!!!!!!!!!!!!!!!!!!
INFO  [2016-04-21 11:59:24,189] com.yammer.dropwizard.cli.ServerCommand: Starting DropwizardDozy
INFO  [2016-04-21 11:59:24,612] com.yammer.dropwizard.config.Environment: The following paths were found for the configured resources:

    GET     /library/contents (se.sics.dozy.vod.LibraryContentsREST)
    PUT     /library/element (se.sics.dozy.vod.LibraryElementREST)
    PUT     /torrent/download (se.sics.dozy.vod.TorrentDownloadREST)
    PUT     /torrent/upload (se.sics.dozy.vod.TorrentUploadREST)
    PUT     /torrent/stop (se.sics.dozy.vod.TorrentStopREST)

INFO  [2016-04-21 11:59:24,614] com.yammer.dropwizard.config.Environment: tasks = 

    POST    /tasks/gc (com.yammer.dropwizard.tasks.GarbageCollectionTask)

